<?xml version="1.0" encoding="UTF-8" ?>
<testsuite failures="0" time="0.131" errors="0" skipped="0" tests="1" name="com.liebao.lb7881.test.CardManageDaoTest">
  <properties>
    <property name="java.runtime.name" value="Java(TM) SE Runtime Environment"/>
    <property name="sun.boot.library.path" value="C:\Program Files\Java\jdk1.7.0_80\jre\bin"/>
    <property name="java.vm.version" value="24.80-b11"/>
    <property name="java.vm.vendor" value="Oracle Corporation"/>
    <property name="java.vendor.url" value="http://java.oracle.com/"/>
    <property name="path.separator" value=";"/>
    <property name="java.vm.name" value="Java HotSpot(TM) 64-Bit Server VM"/>
    <property name="file.encoding.pkg" value="sun.io"/>
    <property name="user.script" value=""/>
    <property name="user.country" value="CN"/>
    <property name="sun.java.launcher" value="SUN_STANDARD"/>
    <property name="sun.os.patch.level" value=""/>
    <property name="java.vm.specification.name" value="Java Virtual Machine Specification"/>
    <property name="user.dir" value="E:\sourceCode\PROJECT_BASE\project-demo\demo-dao"/>
    <property name="java.runtime.version" value="1.7.0_80-b15"/>
    <property name="java.awt.graphicsenv" value="sun.awt.Win32GraphicsEnvironment"/>
    <property name="basedir" value="E:\sourceCode\PROJECT_BASE\project-demo\demo-dao"/>
    <property name="java.endorsed.dirs" value="C:\Program Files\Java\jdk1.7.0_80\jre\lib\endorsed"/>
    <property name="os.arch" value="amd64"/>
    <property name="surefire.real.class.path" value="C:\Users\soqiho\AppData\Local\Temp\surefirebooter1792205960502289407.jar"/>
    <property name="java.io.tmpdir" value="C:\Users\soqiho\AppData\Local\Temp\"/>
    <property name="line.separator" value="
"/>
    <property name="java.vm.specification.vendor" value="Oracle Corporation"/>
    <property name="user.variant" value=""/>
    <property name="os.name" value="Windows 8.1"/>
    <property name="sun.jnu.encoding" value="GBK"/>
    <property name="java.library.path" value="C:\Program Files\Java\jdk1.7.0_80\jre\bin;C:\WINDOWS\Sun\Java\bin;C:\WINDOWS\system32;C:\WINDOWS;C:\csvn\bin\;C:\csvn\Python25\;C:\Program Files\Java\jdk1.7.0_80\bin;C:\Program Files\Java\jdk1.7.0_80\jre\bin;D:\Program Files\maven\bin;C:\Windows\system32;C:\Windows;C:\Windows\System32\Wbem;C:\Windows\System32\WindowsPowerShell\v1.0\;C:\Program Files (x86)\NVIDIA Corporation\PhysX\Common;C:\WINDOWS\system32;C:\WINDOWS;C:\WINDOWS\System32\Wbem;C:\WINDOWS\System32\WindowsPowerShell\v1.0\;C:\Program Files\TortoiseSVN\bin;C:\Program Files\Git\cmd;C:\Program Files\Git\bin;D:\Program Files\Docker Toolbox;;D:\Program Files\Docker Toolbox;."/>
    <property name="surefire.test.class.path" value="E:\sourceCode\PROJECT_BASE\project-demo\demo-dao\target\test-classes;E:\sourceCode\PROJECT_BASE\project-demo\demo-dao\target\classes;E:\sourceCode\PROJECT_BASE\project-demo\demo-common\target\demo.jar;D:\Program Files\maven\repository\com\liebao\lb7881\lb7881-common\0.0.1\lb7881-common-0.0.1.jar;D:\Program Files\maven\repository\org\springframework\spring-core\4.0.2.RELEASE\spring-core-4.0.2.RELEASE.jar;D:\Program Files\maven\repository\commons-logging\commons-logging\1.1.3\commons-logging-1.1.3.jar;D:\Program Files\maven\repository\com\101tec\zkclient\0.5\zkclient-0.5.jar;D:\Program Files\maven\repository\log4j\log4j\1.2.15\log4j-1.2.15.jar;D:\Program Files\maven\repository\javax\mail\mail\1.4\mail-1.4.jar;D:\Program Files\maven\repository\javax\activation\activation\1.1\activation-1.1.jar;D:\Program Files\maven\repository\org\apache\zookeeper\zookeeper\3.4.3\zookeeper-3.4.3.jar;D:\Program Files\maven\repository\jline\jline\0.9.94\jline-0.9.94.jar;D:\Program Files\maven\repository\junit\junit\4.8.1\junit-4.8.1.jar;D:\Program Files\maven\repository\org\jboss\netty\netty\3.2.5.Final\netty-3.2.5.Final.jar;D:\Program Files\maven\repository\com\alibaba\dubbo\2.5.3\dubbo-2.5.3.jar;D:\Program Files\maven\repository\org\javassist\javassist\3.15.0-GA\javassist-3.15.0-GA.jar;D:\Program Files\maven\repository\org\springframework\spring-web\4.0.2.RELEASE\spring-web-4.0.2.RELEASE.jar;D:\Program Files\maven\repository\org\springframework\spring-aop\4.0.2.RELEASE\spring-aop-4.0.2.RELEASE.jar;D:\Program Files\maven\repository\aopalliance\aopalliance\1.0\aopalliance-1.0.jar;D:\Program Files\maven\repository\org\springframework\spring-beans\4.0.2.RELEASE\spring-beans-4.0.2.RELEASE.jar;D:\Program Files\maven\repository\org\springframework\spring-context\4.0.2.RELEASE\spring-context-4.0.2.RELEASE.jar;D:\Program Files\maven\repository\org\springframework\spring-expression\4.0.2.RELEASE\spring-expression-4.0.2.RELEASE.jar;D:\Program Files\maven\repository\org\springframework\spring-context-support\4.0.2.RELEASE\spring-context-support-4.0.2.RELEASE.jar;D:\Program Files\maven\repository\org\springframework\spring-orm\4.0.2.RELEASE\spring-orm-4.0.2.RELEASE.jar;D:\Program Files\maven\repository\org\springframework\spring-jdbc\4.0.2.RELEASE\spring-jdbc-4.0.2.RELEASE.jar;D:\Program Files\maven\repository\org\springframework\spring-tx\4.0.2.RELEASE\spring-tx-4.0.2.RELEASE.jar;D:\Program Files\maven\repository\org\springframework\spring-webmvc\4.0.2.RELEASE\spring-webmvc-4.0.2.RELEASE.jar;D:\Program Files\maven\repository\org\apache\commons\commons-lang3\3.3.2\commons-lang3-3.3.2.jar;D:\Program Files\maven\repository\commons-collections\commons-collections\3.2.2\commons-collections-3.2.2.jar;D:\Program Files\maven\repository\org\slf4j\slf4j-api\1.6.4\slf4j-api-1.6.4.jar;D:\Program Files\maven\repository\org\slf4j\jcl-over-slf4j\1.6.4\jcl-over-slf4j-1.6.4.jar;D:\Program Files\maven\repository\ch\qos\logback\logback-core\1.0.0\logback-core-1.0.0.jar;D:\Program Files\maven\repository\ch\qos\logback\logback-classic\1.0.0\logback-classic-1.0.0.jar;D:\Program Files\maven\repository\ch\qos\logback\logback-access\1.0.0\logback-access-1.0.0.jar;D:\Program Files\maven\repository\org\freemarker\freemarker\2.3.22\freemarker-2.3.22.jar;D:\Program Files\maven\repository\com\alibaba\fastjson\1.2.7\fastjson-1.2.7.jar;D:\Program Files\maven\repository\org\apache\httpcomponents\httpclient\4.1.3\httpclient-4.1.3.jar;D:\Program Files\maven\repository\org\apache\httpcomponents\httpcore\4.1.4\httpcore-4.1.4.jar;D:\Program Files\maven\repository\commons-codec\commons-codec\1.9\commons-codec-1.9.jar;D:\Program Files\maven\repository\com\alibaba\druid\1.0.5\druid-1.0.5.jar;D:\Program Files\maven\repository\mysql\mysql-connector-java\5.1.30\mysql-connector-java-5.1.30.jar;D:\Program Files\maven\repository\org\aspectj\aspectjweaver\1.6.12\aspectjweaver-1.6.12.jar;D:\Program Files\maven\repository\org\aspectj\aspectjrt\1.6.12\aspectjrt-1.6.12.jar;D:\Program Files\maven\repository\org\mybatis\mybatis\3.2.8\mybatis-3.2.8.jar;D:\Program Files\maven\repository\org\mybatis\mybatis-spring\1.2.2\mybatis-spring-1.2.2.jar;D:\Program Files\maven\repository\com\github\jsqlparser\jsqlparser\0.9.1\jsqlparser-0.9.1.jar;D:\Program Files\maven\repository\com\github\pagehelper\pagehelper\3.7.1\pagehelper-3.7.1.jar;D:\Program Files\maven\repository\com\liepaiwang\code-generator_mysql\0.0.1-SNAPSHOT\code-generator_mysql-0.0.1-SNAPSHOT.jar;D:\Program Files\maven\repository\org\springframework\spring-test\4.0.2.RELEASE\spring-test-4.0.2.RELEASE.jar;D:\Program Files\maven\repository\javax\servlet\javax.servlet-api\3.0.1\javax.servlet-api-3.0.1.jar;"/>
    <property name="java.specification.name" value="Java Platform API Specification"/>
    <property name="java.class.version" value="51.0"/>
    <property name="sun.management.compiler" value="HotSpot 64-Bit Tiered Compilers"/>
    <property name="os.version" value="6.3"/>
    <property name="user.home" value="C:\Users\soqiho"/>
    <property name="user.timezone" value="Asia/Shanghai"/>
    <property name="java.awt.printerjob" value="sun.awt.windows.WPrinterJob"/>
    <property name="java.specification.version" value="1.7"/>
    <property name="file.encoding" value="GBK"/>
    <property name="user.name" value="soqiho"/>
    <property name="java.class.path" value="E:\sourceCode\PROJECT_BASE\project-demo\demo-dao\target\test-classes;E:\sourceCode\PROJECT_BASE\project-demo\demo-dao\target\classes;E:\sourceCode\PROJECT_BASE\project-demo\demo-common\target\demo.jar;D:\Program Files\maven\repository\com\liebao\lb7881\lb7881-common\0.0.1\lb7881-common-0.0.1.jar;D:\Program Files\maven\repository\org\springframework\spring-core\4.0.2.RELEASE\spring-core-4.0.2.RELEASE.jar;D:\Program Files\maven\repository\commons-logging\commons-logging\1.1.3\commons-logging-1.1.3.jar;D:\Program Files\maven\repository\com\101tec\zkclient\0.5\zkclient-0.5.jar;D:\Program Files\maven\repository\log4j\log4j\1.2.15\log4j-1.2.15.jar;D:\Program Files\maven\repository\javax\mail\mail\1.4\mail-1.4.jar;D:\Program Files\maven\repository\javax\activation\activation\1.1\activation-1.1.jar;D:\Program Files\maven\repository\org\apache\zookeeper\zookeeper\3.4.3\zookeeper-3.4.3.jar;D:\Program Files\maven\repository\jline\jline\0.9.94\jline-0.9.94.jar;D:\Program Files\maven\repository\junit\junit\4.8.1\junit-4.8.1.jar;D:\Program Files\maven\repository\org\jboss\netty\netty\3.2.5.Final\netty-3.2.5.Final.jar;D:\Program Files\maven\repository\com\alibaba\dubbo\2.5.3\dubbo-2.5.3.jar;D:\Program Files\maven\repository\org\javassist\javassist\3.15.0-GA\javassist-3.15.0-GA.jar;D:\Program Files\maven\repository\org\springframework\spring-web\4.0.2.RELEASE\spring-web-4.0.2.RELEASE.jar;D:\Program Files\maven\repository\org\springframework\spring-aop\4.0.2.RELEASE\spring-aop-4.0.2.RELEASE.jar;D:\Program Files\maven\repository\aopalliance\aopalliance\1.0\aopalliance-1.0.jar;D:\Program Files\maven\repository\org\springframework\spring-beans\4.0.2.RELEASE\spring-beans-4.0.2.RELEASE.jar;D:\Program Files\maven\repository\org\springframework\spring-context\4.0.2.RELEASE\spring-context-4.0.2.RELEASE.jar;D:\Program Files\maven\repository\org\springframework\spring-expression\4.0.2.RELEASE\spring-expression-4.0.2.RELEASE.jar;D:\Program Files\maven\repository\org\springframework\spring-context-support\4.0.2.RELEASE\spring-context-support-4.0.2.RELEASE.jar;D:\Program Files\maven\repository\org\springframework\spring-orm\4.0.2.RELEASE\spring-orm-4.0.2.RELEASE.jar;D:\Program Files\maven\repository\org\springframework\spring-jdbc\4.0.2.RELEASE\spring-jdbc-4.0.2.RELEASE.jar;D:\Program Files\maven\repository\org\springframework\spring-tx\4.0.2.RELEASE\spring-tx-4.0.2.RELEASE.jar;D:\Program Files\maven\repository\org\springframework\spring-webmvc\4.0.2.RELEASE\spring-webmvc-4.0.2.RELEASE.jar;D:\Program Files\maven\repository\org\apache\commons\commons-lang3\3.3.2\commons-lang3-3.3.2.jar;D:\Program Files\maven\repository\commons-collections\commons-collections\3.2.2\commons-collections-3.2.2.jar;D:\Program Files\maven\repository\org\slf4j\slf4j-api\1.6.4\slf4j-api-1.6.4.jar;D:\Program Files\maven\repository\org\slf4j\jcl-over-slf4j\1.6.4\jcl-over-slf4j-1.6.4.jar;D:\Program Files\maven\repository\ch\qos\logback\logback-core\1.0.0\logback-core-1.0.0.jar;D:\Program Files\maven\repository\ch\qos\logback\logback-classic\1.0.0\logback-classic-1.0.0.jar;D:\Program Files\maven\repository\ch\qos\logback\logback-access\1.0.0\logback-access-1.0.0.jar;D:\Program Files\maven\repository\org\freemarker\freemarker\2.3.22\freemarker-2.3.22.jar;D:\Program Files\maven\repository\com\alibaba\fastjson\1.2.7\fastjson-1.2.7.jar;D:\Program Files\maven\repository\org\apache\httpcomponents\httpclient\4.1.3\httpclient-4.1.3.jar;D:\Program Files\maven\repository\org\apache\httpcomponents\httpcore\4.1.4\httpcore-4.1.4.jar;D:\Program Files\maven\repository\commons-codec\commons-codec\1.9\commons-codec-1.9.jar;D:\Program Files\maven\repository\com\alibaba\druid\1.0.5\druid-1.0.5.jar;D:\Program Files\maven\repository\mysql\mysql-connector-java\5.1.30\mysql-connector-java-5.1.30.jar;D:\Program Files\maven\repository\org\aspectj\aspectjweaver\1.6.12\aspectjweaver-1.6.12.jar;D:\Program Files\maven\repository\org\aspectj\aspectjrt\1.6.12\aspectjrt-1.6.12.jar;D:\Program Files\maven\repository\org\mybatis\mybatis\3.2.8\mybatis-3.2.8.jar;D:\Program Files\maven\repository\org\mybatis\mybatis-spring\1.2.2\mybatis-spring-1.2.2.jar;D:\Program Files\maven\repository\com\github\jsqlparser\jsqlparser\0.9.1\jsqlparser-0.9.1.jar;D:\Program Files\maven\repository\com\github\pagehelper\pagehelper\3.7.1\pagehelper-3.7.1.jar;D:\Program Files\maven\repository\com\liepaiwang\code-generator_mysql\0.0.1-SNAPSHOT\code-generator_mysql-0.0.1-SNAPSHOT.jar;D:\Program Files\maven\repository\org\springframework\spring-test\4.0.2.RELEASE\spring-test-4.0.2.RELEASE.jar;D:\Program Files\maven\repository\javax\servlet\javax.servlet-api\3.0.1\javax.servlet-api-3.0.1.jar;"/>
    <property name="java.vm.specification.version" value="1.7"/>
    <property name="sun.arch.data.model" value="64"/>
    <property name="java.home" value="C:\Program Files\Java\jdk1.7.0_80\jre"/>
    <property name="sun.java.command" value="C:\Users\soqiho\AppData\Local\Temp\surefirebooter1792205960502289407.jar C:\Users\soqiho\AppData\Local\Temp\surefire8574857426568283658tmp C:\Users\soqiho\AppData\Local\Temp\surefire9204744387875418682tmp"/>
    <property name="java.specification.vendor" value="Oracle Corporation"/>
    <property name="user.language" value="zh"/>
    <property name="awt.toolkit" value="sun.awt.windows.WToolkit"/>
    <property name="java.vm.info" value="mixed mode"/>
    <property name="java.version" value="1.7.0_80"/>
    <property name="java.ext.dirs" value="C:\Program Files\Java\jdk1.7.0_80\jre\lib\ext;C:\WINDOWS\Sun\Java\lib\ext"/>
    <property name="sun.boot.class.path" value="C:\Program Files\Java\jdk1.7.0_80\jre\lib\resources.jar;C:\Program Files\Java\jdk1.7.0_80\jre\lib\rt.jar;C:\Program Files\Java\jdk1.7.0_80\jre\lib\sunrsasign.jar;C:\Program Files\Java\jdk1.7.0_80\jre\lib\jsse.jar;C:\Program Files\Java\jdk1.7.0_80\jre\lib\jce.jar;C:\Program Files\Java\jdk1.7.0_80\jre\lib\charsets.jar;C:\Program Files\Java\jdk1.7.0_80\jre\lib\jfr.jar;C:\Program Files\Java\jdk1.7.0_80\jre\classes"/>
    <property name="java.vendor" value="Oracle Corporation"/>
    <property name="localRepository" value="D:\Program Files\maven\repository"/>
    <property name="file.separator" value="\"/>
    <property name="java.vendor.url.bug" value="http://bugreport.sun.com/bugreport/"/>
    <property name="sun.cpu.endian" value="little"/>
    <property name="sun.io.unicode.encoding" value="UnicodeLittle"/>
    <property name="sun.desktop" value="windows"/>
    <property name="sun.cpu.isalist" value="amd64"/>
  </properties>
  <testcase time="0.125" classname="com.liebao.lb7881.test.CardManageDaoTest" name="test"/>
</testsuite>